<?xml version="1.0" encoding="utf-8"?><testsuites><testsuite name="pytest" errors="0" failures="0" skipped="0" tests="2" time="0.021" timestamp="2026-09-14T09:12:44.102311+02:00" hostname="localhost"><testcase classname="tests.test_invoices" name="test_invoices_are_listed_newest_first" file="tests/test_invoices.py" line="5" time="0.001"><properties><property name="verifies" value="ABC-100.AC1~1" /></properties></testcase><testcase classname="tests.test_invoices" name="test_export_is_named_after_the_invoice_number" file="tests/test_invoices.py" line="11" time="0.001"><properties><property name="verifies" value="ABC-101.AC1~1" /></properties></testcase></testsuite></testsuites>
