<?xml version="1.0" encoding="UTF-8"?>
<testsuite xmlns:xsi="http://www.w3.org/2001/XMLSchema-instance" xsi:noNamespaceSchemaLocation="https://maven.apache.org/surefire/maven-surefire-plugin/xsd/surefire-test-report.xsd" version="3.0.2" name="CartTest bulk order handling [verifies CART-1~1]" time="0.001" tests="8" errors="0" skipped="1" failures="1">
  <properties>
[...]
</properties>
  <testcase name="total sums line item prices times quantities [verifies CART-1~1]" classname="cart.CartTest" time="0.001"/>
  <testcase name="first item price rolls into the discounted total [verifies CART-1~1, CART-2~2]" classname="cart.CartTest" time="0.0"/>
  <testcase name="totals round to two decimals half-up [verifies CART-4~1]" classname="cart.CartTest" time="0.0">
    <skipped message="rounding mode pending finance decision"/>
  </testcase>
  <testcase name="cart starts out with a zero total" classname="cart.CartTest" time="0.001"/>
  <testcase name="checking out an empty cart is rejected [verifies CART-3~1]" classname="cart.CartTest" time="0.004">
    <failure message="Expected java.lang.IllegalStateException to be thrown, but nothing was thrown." type="org.opentest4j.AssertionFailedError"><![CDATA[org.opentest4j.AssertionFailedError: Expected java.lang.IllegalStateException to be thrown, but nothing was thrown.
	at org.junit.jupiter.api.AssertionFailureBuilder.build(AssertionFailureBuilder.java:152)
	at org.junit.jupiter.api.AssertThrows.assertThrows(AssertThrows.java:73)
	at org.junit.jupiter.api.AssertThrows.assertThrows(AssertThrows.java:35)
	at org.junit.jupiter.api.Assertions.assertThrows(Assertions.java:3128)
	at cart.CartTest.checkoutOfEmptyCartIsRejected(CartTest.kt:26)
	at java.base/java.lang.reflect.Method.invoke(Method.java:580)
	at java.base/java.util.ArrayList.forEach(ArrayList.java:1596)
	at java.base/java.util.ArrayList.forEach(ArrayList.java:1596)
]]></failure>
  </testcase>
  <testcase name="catalog reference number stays stable [verifies CART-99~1]" classname="cart.CartTest" time="0.001"/>
  <testcase name="single item total matches unit price [verifies CART-1]" classname="cart.CartTest" time="0.0"/>
  <testcase name="adding sixty units of one item is accepted" classname="CartTest bulk order handling [verifies CART-1~1]" time="0.001"/>
</testsuite>