<?xml version="1.0" encoding="utf-8"?><testsuites><testsuite name="pytest" errors="0" failures="1" skipped="1" tests="16" time="0.025" timestamp="2026-09-18T21:44:54.663520+02:00" hostname="localhost"><testcase classname="tests.test_checkout" name="test_checkout_rejects_empty_cart" time="0.000"><properties><property name="verifies" value="CART-3~1" /></properties><failure message="Failed: DID NOT RAISE &lt;class 'ValueError'&gt;">@pytest.mark.verifies("CART-3~1")
    def test_checkout_rejects_empty_cart():
        cart = Cart()
&gt;       with pytest.raises(ValueError):
E       Failed: DID NOT RAISE &lt;class 'ValueError'&gt;

tests/test_checkout.py:9: Failed</failure></testcase><testcase classname="tests.test_discounts" name="test_discount_code_reduces_total[10.00-2-10-18.0]" time="0.000"><properties><property name="verifies" value="CART-2~2" /></properties></testcase><testcase classname="tests.test_discounts" name="test_discount_code_reduces_total[50.00-1-20-40.0]" time="0.000"><properties><property name="verifies" value="CART-2~2" /></properties></testcase><testcase classname="tests.test_discounts" name="test_discount_code_reduces_total[15.00-4-5-57.0]" time="0.000"><properties><property name="verifies" value="CART-2~2" /></properties></testcase><testcase classname="tests.test_discounts" name="test_discount_code_applies_before_rounding" time="0.000"><properties><property name="verifies" value="CART-2~1" /></properties></testcase><testcase classname="tests.test_discounts.TestDiscounts" name="test_full_discount_zeroes_total" time="0.000"><properties><property name="verifies" value="CART-2~2" /></properties></testcase><testcase classname="tests.test_discounts.TestDiscounts" name="test_partial_discount_on_multiple_items" time="0.000"><properties><property name="verifies" value="CART-2~2" /></properties></testcase><testcase classname="tests.test_discounts.TestDiscounts" name="test_zero_discount_leaves_total_unchanged" time="0.000"><properties><property name="verifies" value="CART-2~2" /></properties></testcase><testcase classname="tests.test_misc" name="test_receipt_notes_survive_across_sessions" time="0.000"><properties><property name="verifies" value="CART-99~1" /></properties></testcase><testcase classname="tests.test_misc" name="test_cart_accepts_repeat_orders_of_same_item" time="0.000"><properties><property name="verifies" value="CART-1" /></properties></testcase><testcase classname="tests.test_misc" name="test_cart_starts_with_no_discount" time="0.000" /><testcase classname="tests.test_misc" name="test_discounted_total_reflects_line_items" time="0.000"><properties><property name="verifies" value="CART-1~1, CART-2~2" /></properties></testcase><testcase classname="tests.test_rounding" name="test_total_rounds_half_up_to_two_decimals" time="0.000"><properties><property name="verifies" value="CART-4~1" /></properties><skipped type="pytest.skip" message="rounding mode pending finance decision">tests/test_rounding.py:6: rounding mode pending finance decision</skipped></testcase><testcase classname="tests.test_totals" name="test_total_sums_price_times_quantity" time="0.000"><properties><property name="verifies" value="CART-1~1" /></properties></testcase><testcase classname="tests.test_totals" name="test_total_reflects_each_line_item" time="0.000"><properties><property name="verifies" value="CART-1~1" /></properties></testcase><testcase classname="tests.test_totals" name="test_total_with_no_discount_matches_subtotal" time="0.000" /></testsuite></testsuites>